<?xml version="1.0" encoding="UTF-8"?>
<!-- Generated by org.testng.reporters.JUnitXMLReporter -->
<testsuite ignored="0" hostname="ARPGL005794" failures="0" tests="2" name="Default test" time="7.744" errors="0" timestamp="2021-09-20T17:55:15 IST">
  <testcase classname="test.usersignup.ForgotPassword" name="retrievePasswordWithValidData" time="1.134"/>
  <testcase classname="test.usersignup.ForgotPassword" name="retrievePasswordWithInvalidData" time="0.824"/>
</testsuite> <!-- Default test -->
