<?xml version="1.0" encoding="UTF-8"?>
<!-- Generated by org.testng.reporters.JUnitXMLReporter -->
<testsuite ignored="0" hostname="ARPGL006256" failures="0" tests="3" name="Default test" time="13.126" errors="0" timestamp="2021-09-16T13:11:56 IST">
  <testcase classname="pages.admin.AdminLogin" name="validLogin" time="3.303"/>
  <testcase classname="pages.admin.AdminLogin" name="adminLogout" time="1.474"/>
  <testcase classname="pages.admin.AdminLogin" name="invalidLogin" time="1.505"/>
</testsuite> <!-- Default test -->
