<?xml version="1.0" encoding="UTF-8"?>
<!-- Generated by org.testng.reporters.JUnitXMLReporter -->
<testsuite ignored="0" hostname="ARPGL005794" failures="0" tests="20" name="TestCarRental" time="93.759" errors="0" timestamp="2021-09-20T17:57:52 IST">
  <testcase classname="test.userlogin.UserLogin" name="loginWithInValidDetailsTest" time="5.577"/>
  <testcase classname="test.userlogin.UserLogin" name="loginWithValidDetailsTest" time="0.563"/>
  <testcase classname="test.usersignup.SignUp" name="signupTestValid" time="1.28"/>
  <testcase classname="test.usersignup.SignUp" name="signupTestValid" time="0.94"/>
  <testcase classname="test.usersignup.SignUp" name="signupTestInvalid" time="0.965"/>
  <testcase classname="test.adminfunctional.AdminLogin" name="validLogin" time="1.622"/>
  <testcase classname="test.adminfunctional.AdminLogin" name="adminLogout" time="0.199"/>
  <testcase classname="test.adminfunctional.AdminLogin" name="invalidLogin" time="0.357"/>
  <testcase classname="test.usersignup.ForgotPassword" name="retrievePasswordWithValidData" time="1.011"/>
  <testcase classname="test.usersignup.ForgotPassword" name="retrievePasswordWithInvalidData" time="1.066"/>
  <testcase classname="test.adminfunctional.AdminPassword" name="changePasswordWithValidDetails" time="1.25"/>
  <testcase classname="test.adminfunctional.AdminPassword" name="changePasswordWithInvalidDetails" time="0.963"/>
  <testcase classname="test.adminfunctional.AdminPassword" name="changePasswordWithInavlidCurrentPassword" time="1.08"/>
  <testcase classname="test.ContactUsTest.ContactUsTest" name="contactusTest" time="2.187"/>
  <testcase classname="test.homepageTests.HomePageMyBooking" name="homePageMyBookingTest" time="2.14"/>
  <testcase classname="test.carlistingTests.FetchCarTest" name="fetchCarTest" time="7.162"/>
  <testcase classname="test.carlistingTests.BookCarTests" name="bookwithoutloginTest" time="1.45"/>
  <testcase classname="test.carlistingTests.BookCarTests" name="bookCarRequireFieldTest" time="1.604"/>
  <testcase classname="test.carlistingTests.BookCarTests" name="bookCarTest" time="0.97"/>
  <testcase classname="test.adminfunctional.ManageBooking" name="manageBooking" time="5.508"/>
</testsuite> <!-- TestCarRental -->
