<?xml version="1.0" encoding="UTF-8"?>
<!-- Generated by org.testng.reporters.JUnitXMLReporter -->
<testsuite ignored="0" hostname="ARPGL005794" failures="0" tests="20" name="TestLogin" time="90.399" errors="0" timestamp="2021-09-19T16:09:56 IST">
  <testcase classname="test.userlogin.UserLogin" name="loginWithInValidDetailsTest" time="6.001"/>
  <testcase classname="test.userlogin.UserLogin" name="loginWithValidDetailsTest" time="0.869"/>
  <testcase classname="test.usersignup.SignUp" name="signupTestValid" time="1.481"/>
  <testcase classname="test.usersignup.SignUp" name="signupTestValid" time="1.285"/>
  <testcase classname="test.usersignup.SignUp" name="signupTestInvalid" time="0.938"/>
  <testcase classname="test.adminfunctional.AdminLogin" name="validLogin" time="2.215"/>
  <testcase classname="test.adminfunctional.AdminLogin" name="adminLogout" time="0.217"/>
  <testcase classname="test.adminfunctional.AdminLogin" name="invalidLogin" time="0.361"/>
  <testcase classname="test.usersignup.ForgotPassword" name="changePasswordOne" time="1.048"/>
  <testcase classname="test.usersignup.ForgotPassword" name="changePasswordTwo" time="0.921"/>
  <testcase classname="test.adminfunctional.AdminPassword" name="changePasswordOne" time="1.114"/>
  <testcase classname="test.adminfunctional.AdminPassword" name="changePasswordTwo" time="0.779"/>
  <testcase classname="test.adminfunctional.AdminPassword" name="changePasswordThree" time="0.742"/>
  <testcase classname="test.ContactUsTest.ContactUsTest" name="contactusTest" time="2.047"/>
  <testcase classname="test.homepageTests.HomePageMyBooking" name="homePageMyBookingTest" time="2.179"/>
  <testcase classname="test.carlistingTests.FetchCarTest" name="fetchCarTest" time="7.379"/>
  <testcase classname="test.carlistingTests.BookCarTests" name="bookwithoutloginTest" time="1.439"/>
  <testcase classname="test.carlistingTests.BookCarTests" name="bookCarRequireFieldTest" time="1.927"/>
  <testcase classname="test.carlistingTests.BookCarTests" name="bookCarTest" time="0.855"/>
  <testcase classname="test.adminfunctional.ManageBooking" name="manageBooking" time="4.776"/>
</testsuite> <!-- TestLogin -->
