<?xml version="1.0" encoding="UTF-8"?>
<!-- Generated by org.testng.reporters.JUnitXMLReporter -->
<testsuite ignored="0" hostname="ARPGL005794" failures="0" tests="20" name="TestCarRental" time="264.833" errors="0" timestamp="2021-09-21T11:21:01 IST">
  <testcase classname="test.userlogin.UserLogin" name="loginWithInValidDetailsTest" time="10.02"/>
  <testcase classname="test.userlogin.UserLogin" name="loginWithValidDetailsTest" time="6.512"/>
  <testcase classname="test.usersignup.SignUp" name="signupTestValid" time="8.84"/>
  <testcase classname="test.usersignup.SignUp" name="signupTestValid" time="8.773"/>
  <testcase classname="test.usersignup.SignUp" name="signupTestInvalid" time="8.742"/>
  <testcase classname="test.adminfunctional.AdminLogin" name="validLogin" time="5.407"/>
  <testcase classname="test.adminfunctional.AdminLogin" name="adminLogout" time="2.231"/>
  <testcase classname="test.adminfunctional.AdminLogin" name="invalidLogin" time="5.356"/>
  <testcase classname="test.usersignup.ForgotPassword" name="retrievePasswordWithValidData" time="10.825"/>
  <testcase classname="test.usersignup.ForgotPassword" name="retrievePasswordWithInvalidData" time="11.705"/>
  <testcase classname="test.adminfunctional.AdminPassword" name="changePasswordWithValidDetails" time="8.994"/>
  <testcase classname="test.adminfunctional.AdminPassword" name="changePasswordWithInvalidDetails" time="7.843"/>
  <testcase classname="test.adminfunctional.AdminPassword" name="changePasswordWithInavlidCurrentPassword" time="7.844"/>
  <testcase classname="test.ContactUsTest.ContactUsTest" name="contactusTest" time="16.625"/>
  <testcase classname="test.homepageTests.HomePageMyBooking" name="homePageMyBookingTest" time="17.453"/>
  <testcase classname="test.carlistingTests.FetchCarTest" name="fetchCarTest" time="17.558"/>
  <testcase classname="test.carlistingTests.BookCarTests" name="bookwithoutloginTest" time="13.148"/>
  <testcase classname="test.carlistingTests.BookCarTests" name="bookCarRequireFieldTest" time="16.894"/>
  <testcase classname="test.carlistingTests.BookCarTests" name="bookCarTest" time="13.505"/>
  <testcase classname="test.adminfunctional.ManageBooking" name="manageBooking" time="17.951"/>
</testsuite> <!-- TestCarRental -->
