<?xml version="1.0" encoding="UTF-8"?>
<testng-results ignored="0" total="2" passed="2" failed="0" skipped="0">
  <reporter-output>
  </reporter-output>
  <suite started-at="2021-09-17T18:03:17 IST" name="Default suite" finished-at="2021-09-17T18:03:23 IST" duration-ms="5819">
    <groups>
    </groups>
    <test started-at="2021-09-17T18:03:17 IST" name="Default test" finished-at="2021-09-17T18:03:23 IST" duration-ms="5819">
      <class name="test.usersignup.ForgotPassword">
        <test-method is-config="true" signature="beforeTest()[pri:0, instance:test.usersignup.ForgotPassword@5f9b2141]" started-at="2021-09-17T18:03:17 IST" name="beforeTest" finished-at="2021-09-17T18:03:19 IST" duration-ms="1942" status="PASS">
          <reporter-output>
          </reporter-output>
        </test-method> <!-- beforeTest -->
        <test-method is-config="true" signature="beforeMethod()[pri:0, instance:test.usersignup.ForgotPassword@5f9b2141]" started-at="2021-09-17T18:03:19 IST" name="beforeMethod" finished-at="2021-09-17T18:03:21 IST" duration-ms="1625" status="PASS">
          <reporter-output>
          </reporter-output>
        </test-method> <!-- beforeMethod -->
        <test-method signature="changePasswordOne()[pri:1, instance:test.usersignup.ForgotPassword@5f9b2141]" started-at="2021-09-17T18:03:21 IST" name="changePasswordOne" finished-at="2021-09-17T18:03:21 IST" duration-ms="817" status="PASS">
          <reporter-output>
          </reporter-output>
        </test-method> <!-- changePasswordOne -->
        <test-method is-config="true" signature="beforeMethod()[pri:0, instance:test.usersignup.ForgotPassword@5f9b2141]" started-at="2021-09-17T18:03:21 IST" name="beforeMethod" finished-at="2021-09-17T18:03:21 IST" duration-ms="102" status="PASS">
          <reporter-output>
          </reporter-output>
        </test-method> <!-- beforeMethod -->
        <test-method signature="changePasswordTwo()[pri:2, instance:test.usersignup.ForgotPassword@5f9b2141]" started-at="2021-09-17T18:03:21 IST" name="changePasswordTwo" finished-at="2021-09-17T18:03:22 IST" duration-ms="789" status="PASS">
          <reporter-output>
          </reporter-output>
        </test-method> <!-- changePasswordTwo -->
        <test-method is-config="true" signature="afterTest()[pri:0, instance:test.usersignup.ForgotPassword@5f9b2141]" started-at="2021-09-17T18:03:22 IST" name="afterTest" finished-at="2021-09-17T18:03:23 IST" duration-ms="511" status="PASS">
          <reporter-output>
          </reporter-output>
        </test-method> <!-- afterTest -->
      </class> <!-- test.usersignup.ForgotPassword -->
    </test> <!-- Default test -->
  </suite> <!-- Default suite -->
</testng-results>
